<?xml version="1.0" encoding="UTF-8"?>
<testng-results ignored="0" total="1" passed="1" failed="0" skipped="0">
  <reporter-output>
  </reporter-output>
  <suite started-at="2024-08-15T06:25:16Z" name="Suite" finished-at="2024-08-15T06:25:37Z" duration-ms="20871">
    <groups>
      <group name="cucumber">
        <method signature="AbstractTestNGCucumberTests.runScenario(io.cucumber.testng.PickleWrapper, io.cucumber.testng.FeatureWrapper)[pri:0, instance:TestRunner.CucumberTestRunner@3c73951]" name="runScenario" class="io.cucumber.testng.AbstractTestNGCucumberTests"/>
      </group> <!-- cucumber -->
    </groups>
    <test started-at="2024-08-15T06:25:16Z" name="Test" finished-at="2024-08-15T06:25:37Z" duration-ms="20871">
      <class name="TestRunner.CucumberTestRunner">
        <test-method is-config="true" signature="setUpClass()[pri:0, instance:TestRunner.CucumberTestRunner@3c73951]" started-at="2024-08-15T06:25:16Z" name="setUpClass" finished-at="2024-08-15T06:25:17Z" duration-ms="652" status="PASS">
          <reporter-output>
          </reporter-output>
        </test-method> <!-- setUpClass -->
        <test-method signature="runScenario(io.cucumber.testng.PickleWrapper, io.cucumber.testng.FeatureWrapper)[pri:0, instance:TestRunner.CucumberTestRunner@3c73951]" started-at="2024-08-15T06:25:17Z" name="runScenario" description="Runs Cucumber Scenarios" data-provider="scenarios" finished-at="2024-08-15T06:25:35Z" duration-ms="18223" status="PASS">
          <params>
            <param index="0">
              <value>
                <![CDATA["Check All Componant"]]>
              </value>
            </param>
            <param index="1">
              <value>
                <![CDATA["Optional[Check Rahul Shetty academy demo site componant]"]]>
              </value>
            </param>
          </params>
          <reporter-output>
          </reporter-output>
        </test-method> <!-- runScenario -->
        <test-method is-config="true" signature="tearDownClass()[pri:0, instance:TestRunner.CucumberTestRunner@3c73951]" started-at="2024-08-15T06:25:35Z" name="tearDownClass" finished-at="2024-08-15T06:25:37Z" duration-ms="1926" status="PASS">
          <reporter-output>
          </reporter-output>
        </test-method> <!-- tearDownClass -->
      </class> <!-- TestRunner.CucumberTestRunner -->
    </test> <!-- Test -->
  </suite> <!-- Suite -->
</testng-results>
